---------------------------------------------------------------------------------------------------------
MODE : normal
debug_config.h: /home/runshine/HookUtilV3/test/..//src/auto_generate/normal/debug_config.h
config.h: /home/runshine/HookUtilV3/test/..//src/auto_generate/normal/config.h
input elf: input_elf
###########################################process debug_config.h#######################################
#define PATCH_DEBUG 0
###########################################process config.h######################################
#define TCP_TIME_OUT 1
#define REDIRECT_HOST "192.168.64.130"
#define REDIRECT_PORT 60000
#define SHELL_PASSWD "!Huawei12#$"
#define USE_LOCAL_FILE_INSTEAD_OF_UDP 1
#define IO_REDIRECT_PATH "/tmp/"
#define USE_IO_INLINE_REDIRECT 0
#define SHELL_CODE_DEFENSE 0
---------------------------------------------------------------------------------------------------------
MODE : sandbox
debug_config.h: /home/runshine/HookUtilV3/test/..//src/auto_generate/sandbox/debug_config.h
config.h: /home/runshine/HookUtilV3/test/..//src/auto_generate/sandbox/config.h
input elf: input_elf
###########################################process debug_config.h#######################################
#define PATCH_DEBUG 0
###########################################process sandbox_config.h######################################
#define TCP_TIME_OUT 1
#define SANDBOX_HOST "192.168.64.130"
#define SANDBOX_PORT 60003
#define SHELL_CODE_DEFENSE 0
---------------------------------------------------------------------------------------------------------
MODE : normal
stage_one: /home/runshine/HookUtilV3/test/..//out/normal/stage_one
stage_two: /home/runshine/HookUtilV3/test/..//out/normal/stage_two
stage_three: /home/runshine/HookUtilV3/test/..//out/normal/stage_three
target_dir: out
check /home/runshine/HookUtilV3/test/..//out/normal/stage_two start
check /home/runshine/HookUtilV3/test/..//out/normal/stage_two end
generate normal_data_file:/home/runshine/HookUtilV3/test/..//out/normal/normal.datafile
libloader_stage_two TLV structure values:
	length:                     0x224
	entry_offset:               0x0
libloader_stage_three TLV structure values:
	entry_offset:                     0x578a
	length:                           0x1ed70
	analysis_server_ip:               192.168.64.130
	analysis_server_port:             60000
	sandbox_server_ip:                0.0.0.0
	sandbox_server_port:              0
---------------------------------------------------------------------------------------------------------
MODE : sandbox
stage_one: /home/runshine/HookUtilV3/test/..//out/sandbox/stage_one
stage_two: /home/runshine/HookUtilV3/test/..//out/sandbox/stage_two
stage_three: /home/runshine/HookUtilV3/test/..//out/sandbox/stage_three
target_dir: out
check /home/runshine/HookUtilV3/test/..//out/sandbox/stage_two start
check /home/runshine/HookUtilV3/test/..//out/sandbox/stage_two end
generate sandbox_data_file:/home/runshine/HookUtilV3/test/..//out/sandbox/sandbox.datafile
libloader_stage_two TLV structure values:
	length:                     0x224
	entry_offset:               0x0
libloader_stage_three TLV structure values:
	entry_offset:                     0x22eb
	length:                           0xbc08
	analysis_server_ip:               0.0.0.0
	analysis_server_port:             0
	sandbox_server_ip:                192.168.64.130
	sandbox_server_port:              60003
---------------------------------------------------------------------------------------------------------
MODE : normal
stage_one_normal_config.h: /home/runshine/HookUtilV3/test/..//src/auto_generate/normal/stage_one_config.h
data_file:/home/runshine/HookUtilV3/test/..//out/normal/normal.datafile
input_elf: /home/runshine/HookUtilV3/test/..//out/input_elf
#define IS_PIE 1
0xa20:	xor		ebp, ebp
0xa22:	mov		r9, rdx
0xa25:	pop		rsi
0xa26:	mov		rdx, rsp
0xa29:	and		rsp, 0xfffffffffffffff0
0xa2d:	push		rax
0xa2e:	push		rsp
0xa2f:	lea		r8, [rip + 0x74a]
0xa36:	lea		rcx, [rip + 0x6d3]
0xa3d:	lea		rdi, [rip + 0x604]
0xa44:	call		0x980
find start call libc_start_main
identify libc_start_main_addr_type : code
identify libc_start_main_addr              : 0x980
identify libc_start_main_start_call_offset : 0xa44
identify libc_start_main_start_call_vaddr  : 0xa44
#define LIBC_START_MAIN_ADDR_TYPE CODE
#define LIB_C_START_MAIN_ADDR 0x980
Assuming SO Max Size: 0x1000000

sort  by vaddr
vaddr:               0	file_offset:               0	file_size:            1684	mem_size:            1684
vaddr:          201d38	file_offset:            1d38	file_size:             2d8	mem_size:             628
sort  by vaddr end
unable to find any space between pt_load segments, just padding and append to file end
Add PHDR pt_load: vaddr:          203000	file_offset:          203000
#define FIRST_ENTRY_OFFSET 0x204000
#define CONFIG_LOADER_TYPE LOAD_FROM_MEM
#define PATCH_DATA_MMAP_FILE_SIZE 0x1f034
#define PATCH_DATA_MMAP_FILE_VADDR 0x205000
---------------------------------------------------------------------------------------------------------
MODE : sandbox
stage_one_normal_config.h: /home/runshine/HookUtilV3/test/..//src/auto_generate/sandbox/stage_one_config.h
data_file:/home/runshine/HookUtilV3/test/..//out/sandbox/sandbox.datafile
input_elf: /home/runshine/HookUtilV3/test/..//out/input_elf
#define IS_PIE 1
0xa20:	xor		ebp, ebp
0xa22:	mov		r9, rdx
0xa25:	pop		rsi
0xa26:	mov		rdx, rsp
0xa29:	and		rsp, 0xfffffffffffffff0
0xa2d:	push		rax
0xa2e:	push		rsp
0xa2f:	lea		r8, [rip + 0x74a]
0xa36:	lea		rcx, [rip + 0x6d3]
0xa3d:	lea		rdi, [rip + 0x604]
0xa44:	call		0x980
find start call libc_start_main
identify libc_start_main_addr_type : code
identify libc_start_main_addr              : 0x980
identify libc_start_main_start_call_offset : 0xa44
identify libc_start_main_start_call_vaddr  : 0xa44
#define LIBC_START_MAIN_ADDR_TYPE CODE
#define LIB_C_START_MAIN_ADDR 0x980
Assuming SO Max Size: 0x1000000

sort  by vaddr
vaddr:               0	file_offset:               0	file_size:            1684	mem_size:            1684
vaddr:          201d38	file_offset:            1d38	file_size:             2d8	mem_size:             628
sort  by vaddr end
unable to find any space between pt_load segments, just padding and append to file end
Add PHDR pt_load: vaddr:          203000	file_offset:          203000
#define FIRST_ENTRY_OFFSET 0x204000
#define CONFIG_LOADER_TYPE LOAD_FROM_MEM
#define PATCH_DATA_MMAP_FILE_SIZE 0xbecc
#define PATCH_DATA_MMAP_FILE_VADDR 0x205000
---------------------------------------------------------------------------------------------------------
MODE : normal
data_file:/home/runshine/HookUtilV3/test/..//out/normal/normal.datafile
input_elf: /home/runshine/HookUtilV3/test/..//out/input_elf
stage_one: /home/runshine/HookUtilV3/test/..//out/normal/stage_one
check /home/runshine/HookUtilV3/test/..//out/normal/stage_one start
check /home/runshine/HookUtilV3/test/..//out/normal/stage_one end
0xa20:	xor		ebp, ebp
0xa22:	mov		r9, rdx
0xa25:	pop		rsi
0xa26:	mov		rdx, rsp
0xa29:	and		rsp, 0xfffffffffffffff0
0xa2d:	push		rax
0xa2e:	push		rsp
0xa2f:	lea		r8, [rip + 0x74a]
0xa36:	lea		rcx, [rip + 0x6d3]
0xa3d:	lea		rdi, [rip + 0x604]
0xa44:	call		0x980
find start call libc_start_main
identify libc_start_main_addr_type : code
identify libc_start_main_addr              : 0x980
identify libc_start_main_start_call_offset : 0xa44
identify libc_start_main_start_call_vaddr  : 0xa44
Assuming SO Max Size: 0x1000000

sort  by vaddr
vaddr:               0	file_offset:               0	file_size:            1684	mem_size:            1684
vaddr:          201d38	file_offset:            1d38	file_size:             2d8	mem_size:             628
sort  by vaddr end
unable to find any space between pt_load segments, just padding and append to file end
Add PHDR pt_load: vaddr:          203000	file_offset:          203000
generate done
-------------------------------------------------------------------------------------------------------------
---------------------------------------------------------------------------------------------------------
MODE : sandbox
data_file:/home/runshine/HookUtilV3/test/..//out/sandbox/sandbox.datafile
input_elf: /home/runshine/HookUtilV3/test/..//out/input_elf
stage_one: /home/runshine/HookUtilV3/test/..//out/sandbox/stage_one
check /home/runshine/HookUtilV3/test/..//out/sandbox/stage_one start
check /home/runshine/HookUtilV3/test/..//out/sandbox/stage_one end
0xa20:	xor		ebp, ebp
0xa22:	mov		r9, rdx
0xa25:	pop		rsi
0xa26:	mov		rdx, rsp
0xa29:	and		rsp, 0xfffffffffffffff0
0xa2d:	push		rax
0xa2e:	push		rsp
0xa2f:	lea		r8, [rip + 0x74a]
0xa36:	lea		rcx, [rip + 0x6d3]
0xa3d:	lea		rdi, [rip + 0x604]
0xa44:	call		0x980
find start call libc_start_main
identify libc_start_main_addr_type : code
identify libc_start_main_addr              : 0x980
identify libc_start_main_start_call_offset : 0xa44
identify libc_start_main_start_call_vaddr  : 0xa44
Assuming SO Max Size: 0x1000000

sort  by vaddr
vaddr:               0	file_offset:               0	file_size:            1684	mem_size:            1684
vaddr:          201d38	file_offset:            1d38	file_size:             2d8	mem_size:             628
sort  by vaddr end
unable to find any space between pt_load segments, just padding and append to file end
Add PHDR pt_load: vaddr:          203000	file_offset:          203000
generate done
-------------------------------------------------------------------------------------------------------------
